Hmm ... looks like a package
Converting parsed Rd's to LaTeX .....
Creating pdf output from LaTeX ...

This is pdfTeX, Version 3.141592653-2.6-1.40.29 (TeX Live 2026) (preloaded format=pdflatex)
 restricted \write18 enabled.
entering extended mode
LaTeX2e <2025-11-01>
L3 programming layer <2026-03-20>
(./Rd2.tex
(/Users/qc0824/Library/TinyTeX/texmf-dist/tex/latex/base/book.cls
Document Class: book 2025/01/22 v1.4n Standard LaTeX document class
(/Users/qc0824/Library/TinyTeX/texmf-dist/tex/latex/base/bk10.clo)) (/Library/Frameworks/R.framework/Resources/share/texmf/tex/latex/Rd.sty (/Users/qc0824/Library/TinyTeX/texmf-dist/tex/latex/base/ifthen.sty) (/Users/qc0824/Library/TinyTeX/texmf-dist/tex/generic/iftex/iftex.sty) (/Users/qc0824/Library/TinyTeX/texmf-dist/tex/latex/tools/longtable.sty) (/Users/qc0824/Library/TinyTeX/texmf-dist/tex/latex/tools/bm.sty) (/Users/qc0824/Library/TinyTeX/texmf-dist/tex/latex/base/alltt.sty) (/Users/qc0824/Library/TinyTeX/texmf-dist/tex/latex/tools/verbatim.sty) (/Users/qc0824/Library/TinyTeX/texmf-dist/tex/latex/url/url.sty) (/Users/qc0824/Library/TinyTeX/texmf-dist/tex/latex/base/textcomp.sty) (/Users/qc0824/Library/TinyTeX/texmf-dist/tex/latex/amsmath/amsmath.sty
For additional information on amsmath, use the `?' option.
(/Users/qc0824/Library/TinyTeX/texmf-dist/tex/latex/amsmath/amstext.sty (/Users/qc0824/Library/TinyTeX/texmf-dist/tex/latex/amsmath/amsgen.sty)) (/Users/qc0824/Library/TinyTeX/texmf-dist/tex/latex/amsmath/amsbsy.sty) (/Users/qc0824/Library/TinyTeX/texmf-dist/tex/latex/amsmath/amsopn.sty)) (/Users/qc0824/Library/TinyTeX/texmf-dist/tex/latex/amsfonts/amsfonts.sty) (/Users/qc0824/Library/TinyTeX/texmf-dist/tex/latex/amsfonts/amssymb.sty) (/Users/qc0824/Library/TinyTeX/texmf-dist/tex/latex/jknapltx/mathrsfs.sty) (/Users/qc0824/Library/TinyTeX/texmf-dist/tex/latex/base/fontenc.sty) (/Users/qc0824/Library/TinyTeX/texmf-dist/tex/latex/psnfss/times.sty) (/Users/qc0824/Library/TinyTeX/texmf-dist/tex/latex/inconsolata/zi4.sty `inconsolata-zi4' v1.12, 2019/05/17 Text macros for Inconsolata (msharpe) (/Users/qc0824/Library/TinyTeX/texmf-dist/tex/latex/xkeyval/xkeyval.sty (/Users/qc0824/Library/TinyTeX/texmf-dist/tex/generic/xkeyval/xkeyval.tex (/Users/qc0824/Library/TinyTeX/texmf-dist/tex/generic/xkeyval/xkvutils.tex (/Users/qc0824/Library/TinyTeX/texmf-dist/tex/generic/xkeyval/keyval.tex))))) (/Users/qc0824/Library/TinyTeX/texmf-dist/tex/latex/graphics/color.sty (/Users/qc0824/Library/TinyTeX/texmf-dist/tex/latex/graphics-cfg/color.cfg) (/Users/qc0824/Library/TinyTeX/texmf-dist/tex/latex/graphics-def/pdftex.def) (/Users/qc0824/Library/TinyTeX/texmf-dist/tex/latex/graphics/mathcolor.ltx)) (/Users/qc0824/Library/TinyTeX/texmf-dist/tex/latex/hyperref/hyperref.sty (/Users/qc0824/Library/TinyTeX/texmf-dist/tex/latex/kvsetkeys/kvsetkeys.sty) (/Users/qc0824/Library/TinyTeX/texmf-dist/tex/generic/kvdefinekeys/kvdefinekeys.sty) (/Users/qc0824/Library/TinyTeX/texmf-dist/tex/generic/pdfescape/pdfescape.sty (/Users/qc0824/Library/TinyTeX/texmf-dist/tex/generic/ltxcmds/ltxcmds.sty) (/Users/qc0824/Library/TinyTeX/texmf-dist/tex/generic/pdftexcmds/pdftexcmds.sty (/Users/qc0824/Library/TinyTeX/texmf-dist/tex/generic/infwarerr/infwarerr.sty))) (/Users/qc0824/Library/TinyTeX/texmf-dist/tex/latex/hycolor/hycolor.sty) (/Users/qc0824/Library/TinyTeX/texmf-dist/tex/latex/hyperref/nameref.sty (/Users/qc0824/Library/TinyTeX/texmf-dist/tex/latex/refcount/refcount.sty) (/Users/qc0824/Library/TinyTeX/texmf-dist/tex/generic/gettitlestring/gettitlestring.sty (/Users/qc0824/Library/TinyTeX/texmf-dist/tex/latex/kvoptions/kvoptions.sty))) (/Users/qc0824/Library/TinyTeX/texmf-dist/tex/latex/etoolbox/etoolbox.sty) (/Users/qc0824/Library/TinyTeX/texmf-dist/tex/generic/stringenc/stringenc.sty) (/Users/qc0824/Library/TinyTeX/texmf-dist/tex/latex/hyperref/pd1enc.def) (/Users/qc0824/Library/TinyTeX/texmf-dist/tex/generic/intcalc/intcalc.sty) (/Users/qc0824/Library/TinyTeX/texmf-dist/tex/latex/hyperref/puenc.def) (/Users/qc0824/Library/TinyTeX/texmf-dist/tex/generic/bitset/bitset.sty (/Users/qc0824/Library/TinyTeX/texmf-dist/tex/generic/bigintcalc/bigintcalc.sty))) (/Users/qc0824/Library/TinyTeX/texmf-dist/tex/latex/hyperref/hpdftex.def (/Users/qc0824/Library/TinyTeX/texmf-dist/tex/latex/rerunfilecheck/rerunfilecheck.sty (/Users/qc0824/Library/TinyTeX/texmf-dist/tex/generic/uniquecounter/uniquecounter.sty)))) (/Users/qc0824/Library/TinyTeX/texmf-dist/tex/latex/base/makeidx.sty)
Writing index file Rd2.idx
(/Users/qc0824/Library/TinyTeX/texmf-dist/tex/latex/psnfss/t1ptm.fd) (/Users/qc0824/Library/TinyTeX/texmf-dist/tex/latex/l3backend/l3backend-pdftex.def)
No file Rd2.aux.
(/Users/qc0824/Library/TinyTeX/texmf-dist/tex/context/base/mkii/supp-pdf.mkii
[Loading MPS to PDF converter (version 2006.09.02).]
) (/Users/qc0824/Library/TinyTeX/texmf-dist/tex/latex/inconsolata/t1zi4.fd) (/Users/qc0824/Library/TinyTeX/texmf-dist/tex/latex/amsfonts/umsa.fd) (/Users/qc0824/Library/TinyTeX/texmf-dist/tex/latex/amsfonts/umsb.fd) (/Users/qc0824/Library/TinyTeX/texmf-dist/tex/latex/jknapltx/ursfs.fd)
No file Rd2.toc.
[1{/Users/qc0824/Library/TinyTeX/texmf-var/fonts/map/pdftex/updmap/pdftex.map}{/Users/qc0824/Library/TinyTeX/texmf-dist/fonts/enc/dvips/base/8r.enc}{/Users/qc0824/Library/TinyTeX/texmf-dist/fonts/enc/dvips/inconsolata/i4-t1-0.enc}] (/Users/qc0824/Library/TinyTeX/texmf-dist/tex/latex/psnfss/ts1ptm.fd)
Overfull \hbox (1.54773pt too wide) in paragraph at lines 102--104
[]\T1/ptm/m/n/10 A char-ac-ter vec-tor of vari-able names to la-bel. De-fault in-cludes []\T1/zi4/m/n/10 "sex"[]\T1/ptm/m/n/10 , []\T1/zi4/m/n/10 "cancer"[]\T1/ptm/m/n/10 ,
[2] [3] [4] [5] [6] [7] [8]
Overfull \hbox (43.74886pt too wide) in paragraph at lines 521--524
\T1/ptm/m/n/10 can be up-dated us-ing [][][]\T1/zi4/m/n/10 write_registry()[][][] []\T1/ptm/m/n/10 func-tion which stored the dic-tio-nary in ([]\T1/zi4/m/n/10 area_type_dict.rds[]\T1/ptm/m/n/10 ) 
[9]
Overfull \hbox (43.74886pt too wide) in paragraph at lines 599--602
\T1/ptm/m/n/10 can be up-dated us-ing [][][]\T1/zi4/m/n/10 write_registry()[][][] []\T1/ptm/m/n/10 func-tion which stored the dic-tio-nary in ([]\T1/zi4/m/n/10 area_type_dict.rds[]\T1/ptm/m/n/10 ) 
[10] [11] (/Users/qc0824/Library/TinyTeX/texmf-dist/tex/latex/inconsolata/ts1zi4.fd) [12{/Users/qc0824/Library/TinyTeX/texmf-dist/fonts/enc/dvips/inconsolata/i4-ts1.enc}] [13] [14] [15] [16] [17] [18] [19] [20]
Overfull \hbox (3.70827pt too wide) in paragraph at lines 1249--1252
[]\T1/zi4/m/n/10 create_quality()[]\T1/ptm/m/n/10 calculate qual-ity in-di-ca-tors from ob-ject with class of []\T1/zi4/m/n/10 canreg[]\T1/ptm/m/n/10 , []\T1/zi4/m/n/10 canregs[]\T1/ptm/m/n/10 , []\T1/zi4/m/n/10 fbswicd[]\T1/ptm/m/n/10 ,
[21] [22] [23]
Overfull \hbox (3.11774pt too wide) in paragraph at lines 1393--1395
[]\T1/ptm/m/n/10 Character string spec-i-fy-ing the re-port tem-plate to use. Op-tions in-clude []\T1/zi4/m/n/10 "annual"[]\T1/ptm/m/n/10 ,

Overfull \hbox (51.61906pt too wide) in paragraph at lines 1399--1402
[]\T1/ptm/m/n/10 Character. For-mat of the ren-dered re-port. Op-tions are []\T1/zi4/m/n/10 "html_document"[]\T1/ptm/m/n/10 , []\T1/zi4/m/n/10 "word_document"[]\T1/ptm/m/n/10 ,
[24]
Underfull \vbox (badness 10000) has occurred while \output is active [25]
Overfull \hbox (10.57881pt too wide) in paragraph at lines 1555--1558
[]\T1/ptm/m/n/10 For []\T1/zi4/m/n/10 canreg []\T1/ptm/m/n/10 and []\T1/zi4/m/n/10 canregs []\T1/ptm/m/n/10 ob-jects, the func-tion first calls [][][]\T1/zi4/m/n/10 count_canreg()[][][] []\T1/ptm/m/n/10 to cre-ate []\T1/zi4/m/n/10 fbswicd[]\T1/ptm/m/n/10 /[]\T1/zi4/m/n/10 fbswicds
[26] [27] [28] [29] [30] [31] [32] [33] [34] [35] [36] [37]
Overfull \hbox (0.92867pt too wide) in paragraph at lines 2274--2275
[]\T1/ptm/m/n/10 Horizontal spac-ing be-tween bars and y-axis (de-fault de-pends on []\T1/zi4/m/n/10 x_label_side[]\T1/ptm/m/n/10 ). 
[38] [39] [40] [41] [42]
Overfull \hbox (12.2777pt too wide) in paragraph at lines 2583--2585
[]\T1/ptm/m/n/10 A char-ac-ter vec-tor of two col-ors for the left and right bars. De-fault is []\T1/zi4/m/n/10 c("#006400",
[43] [44] [45] [46]
Overfull \hbox (54.26833pt too wide) in paragraph at lines 2863--2868
\T1/ptm/m/n/10 EUROCARE-3. \T1/ptm/m/it/10 Math-e-mat-i-cal Pop-u-la-tion Stud-ies\T1/ptm/m/n/10 , 12(4), 183^^U198. https://doi.org/10.1080/08898480500301751 
[47]
Overfull \hbox (3.55786pt too wide) in paragraph at lines 2939--2942
[]\T1/ptm/m/n/10 Character string spec-i-fy-ing the pop-u-la-tion stan-dard. Sup-ported val-ues are "cn64",
[48] [49]
Overfull \hbox (4.16864pt too wide) in paragraph at lines 3063--3067
\T1/ptm/m/n/10 stan-dard pop-u-la-tion vari-ables, []\T1/zi4/m/n/10 "summary" []\T1/ptm/m/n/10 for sum-mary vari-ables, and []\T1/zi4/m/n/10 "reframe"
[50] [51] [52] [53] [54] [55] [56] [57]
Overfull \hbox (8.12721pt too wide) in paragraph at lines 3498--3500
[]\T1/ptm/m/n/10 A char-ac-ter or fac-tor vec-tor of re-for-mat-ted val-ues. The out-put de-pends on the set-tings for []\T1/zi4/m/n/10 label_type[]\T1/ptm/m/n/10 ,
[58] [59] [60] [61]
No file Rd2.ind.
[62] (/private/var/folders/4z/95mpfw1d76188452ty3l9f5h0000gn/T/RtmpqpdAk8/Rd2pdfa28d54abcefc/Rd2.aux)

Package rerunfilecheck Warning: File `Rd2.out' has changed.
(rerunfilecheck)                Rerun to get outlines right
(rerunfilecheck)                or use package `bookmark'.

 )
(see the transcript file for additional information)
pdfTeX warning (dest): name{Rfn.summary} has been referenced but does not exist, replaced by a fixed one


pdfTeX warning (dest): name{Rfn.dplyr::filter\(\)} has been referenced but does not exist, replaced by a fixed one

 </Users/qc0824/Library/TinyTeX/texmf-var/fonts/pk/ljfour/jknappen/ec/tctt1000.600pk> </Users/qc0824/Library/TinyTeX/texmf-var/fonts/pk/ljfour/jknappen/ec/tctt0900.600pk></Users/qc0824/Library/TinyTeX/texmf-dist/fonts/type1/public/inconsolata/Inconsolata-zi4r.pfb></Users/qc0824/Library/TinyTeX/texmf-dist/fonts/type1/public/amsfonts/cm/cmmi10.pfb></Users/qc0824/Library/TinyTeX/texmf-dist/fonts/type1/public/amsfonts/cm/cmmi7.pfb></Users/qc0824/Library/TinyTeX/texmf-dist/fonts/type1/public/amsfonts/cm/cmr10.pfb></Users/qc0824/Library/TinyTeX/texmf-dist/fonts/type1/public/amsfonts/cm/cmsy10.pfb></Users/qc0824/Library/TinyTeX/texmf-dist/fonts/type1/urw/times/utmb8a.pfb></Users/qc0824/Library/TinyTeX/texmf-dist/fonts/type1/urw/times/utmr8a.pfb></Users/qc0824/Library/TinyTeX/texmf-dist/fonts/type1/urw/times/utmr8a.pfb></Users/qc0824/Library/TinyTeX/texmf-dist/fonts/type1/urw/times/utmri8a.pfb>
Output written on Rd2.pdf (62 pages, 228193 bytes).
Transcript written on Rd2.log.
This is makeindex, version 2.18 [TeX Live 2026] (kpathsea + Thai support).
Scanning input file Rd2.idx....done (92 entries accepted, 0 rejected).
Sorting entries....done (608 comparisons).
Generating output file Rd2.ind....done (133 lines written, 0 warnings).
Output written in Rd2.ind.
Transcript written in Rd2.ilg.
This is pdfTeX, Version 3.141592653-2.6-1.40.29 (TeX Live 2026) (preloaded format=pdflatex)
 restricted \write18 enabled.
entering extended mode
LaTeX2e <2025-11-01>
L3 programming layer <2026-03-20>
(./Rd2.tex
(/Users/qc0824/Library/TinyTeX/texmf-dist/tex/latex/base/book.cls
Document Class: book 2025/01/22 v1.4n Standard LaTeX document class
(/Users/qc0824/Library/TinyTeX/texmf-dist/tex/latex/base/bk10.clo)) (/Library/Frameworks/R.framework/Resources/share/texmf/tex/latex/Rd.sty (/Users/qc0824/Library/TinyTeX/texmf-dist/tex/latex/base/ifthen.sty) (/Users/qc0824/Library/TinyTeX/texmf-dist/tex/generic/iftex/iftex.sty) (/Users/qc0824/Library/TinyTeX/texmf-dist/tex/latex/tools/longtable.sty) (/Users/qc0824/Library/TinyTeX/texmf-dist/tex/latex/tools/bm.sty) (/Users/qc0824/Library/TinyTeX/texmf-dist/tex/latex/base/alltt.sty) (/Users/qc0824/Library/TinyTeX/texmf-dist/tex/latex/tools/verbatim.sty) (/Users/qc0824/Library/TinyTeX/texmf-dist/tex/latex/url/url.sty) (/Users/qc0824/Library/TinyTeX/texmf-dist/tex/latex/base/textcomp.sty) (/Users/qc0824/Library/TinyTeX/texmf-dist/tex/latex/amsmath/amsmath.sty
For additional information on amsmath, use the `?' option.
(/Users/qc0824/Library/TinyTeX/texmf-dist/tex/latex/amsmath/amstext.sty (/Users/qc0824/Library/TinyTeX/texmf-dist/tex/latex/amsmath/amsgen.sty)) (/Users/qc0824/Library/TinyTeX/texmf-dist/tex/latex/amsmath/amsbsy.sty) (/Users/qc0824/Library/TinyTeX/texmf-dist/tex/latex/amsmath/amsopn.sty)) (/Users/qc0824/Library/TinyTeX/texmf-dist/tex/latex/amsfonts/amsfonts.sty) (/Users/qc0824/Library/TinyTeX/texmf-dist/tex/latex/amsfonts/amssymb.sty) (/Users/qc0824/Library/TinyTeX/texmf-dist/tex/latex/jknapltx/mathrsfs.sty) (/Users/qc0824/Library/TinyTeX/texmf-dist/tex/latex/base/fontenc.sty) (/Users/qc0824/Library/TinyTeX/texmf-dist/tex/latex/psnfss/times.sty) (/Users/qc0824/Library/TinyTeX/texmf-dist/tex/latex/inconsolata/zi4.sty `inconsolata-zi4' v1.12, 2019/05/17 Text macros for Inconsolata (msharpe) (/Users/qc0824/Library/TinyTeX/texmf-dist/tex/latex/xkeyval/xkeyval.sty (/Users/qc0824/Library/TinyTeX/texmf-dist/tex/generic/xkeyval/xkeyval.tex (/Users/qc0824/Library/TinyTeX/texmf-dist/tex/generic/xkeyval/xkvutils.tex (/Users/qc0824/Library/TinyTeX/texmf-dist/tex/generic/xkeyval/keyval.tex))))) (/Users/qc0824/Library/TinyTeX/texmf-dist/tex/latex/graphics/color.sty (/Users/qc0824/Library/TinyTeX/texmf-dist/tex/latex/graphics-cfg/color.cfg) (/Users/qc0824/Library/TinyTeX/texmf-dist/tex/latex/graphics-def/pdftex.def) (/Users/qc0824/Library/TinyTeX/texmf-dist/tex/latex/graphics/mathcolor.ltx)) (/Users/qc0824/Library/TinyTeX/texmf-dist/tex/latex/hyperref/hyperref.sty (/Users/qc0824/Library/TinyTeX/texmf-dist/tex/latex/kvsetkeys/kvsetkeys.sty) (/Users/qc0824/Library/TinyTeX/texmf-dist/tex/generic/kvdefinekeys/kvdefinekeys.sty) (/Users/qc0824/Library/TinyTeX/texmf-dist/tex/generic/pdfescape/pdfescape.sty (/Users/qc0824/Library/TinyTeX/texmf-dist/tex/generic/ltxcmds/ltxcmds.sty) (/Users/qc0824/Library/TinyTeX/texmf-dist/tex/generic/pdftexcmds/pdftexcmds.sty (/Users/qc0824/Library/TinyTeX/texmf-dist/tex/generic/infwarerr/infwarerr.sty))) (/Users/qc0824/Library/TinyTeX/texmf-dist/tex/latex/hycolor/hycolor.sty) (/Users/qc0824/Library/TinyTeX/texmf-dist/tex/latex/hyperref/nameref.sty (/Users/qc0824/Library/TinyTeX/texmf-dist/tex/latex/refcount/refcount.sty) (/Users/qc0824/Library/TinyTeX/texmf-dist/tex/generic/gettitlestring/gettitlestring.sty (/Users/qc0824/Library/TinyTeX/texmf-dist/tex/latex/kvoptions/kvoptions.sty))) (/Users/qc0824/Library/TinyTeX/texmf-dist/tex/latex/etoolbox/etoolbox.sty) (/Users/qc0824/Library/TinyTeX/texmf-dist/tex/generic/stringenc/stringenc.sty) (/Users/qc0824/Library/TinyTeX/texmf-dist/tex/latex/hyperref/pd1enc.def) (/Users/qc0824/Library/TinyTeX/texmf-dist/tex/generic/intcalc/intcalc.sty) (/Users/qc0824/Library/TinyTeX/texmf-dist/tex/latex/hyperref/puenc.def) (/Users/qc0824/Library/TinyTeX/texmf-dist/tex/generic/bitset/bitset.sty (/Users/qc0824/Library/TinyTeX/texmf-dist/tex/generic/bigintcalc/bigintcalc.sty))) (/Users/qc0824/Library/TinyTeX/texmf-dist/tex/latex/hyperref/hpdftex.def (/Users/qc0824/Library/TinyTeX/texmf-dist/tex/latex/rerunfilecheck/rerunfilecheck.sty (/Users/qc0824/Library/TinyTeX/texmf-dist/tex/generic/uniquecounter/uniquecounter.sty)))) (/Users/qc0824/Library/TinyTeX/texmf-dist/tex/latex/base/makeidx.sty)
Writing index file Rd2.idx
(/Users/qc0824/Library/TinyTeX/texmf-dist/tex/latex/psnfss/t1ptm.fd) (/Users/qc0824/Library/TinyTeX/texmf-dist/tex/latex/l3backend/l3backend-pdftex.def) (/private/var/folders/4z/95mpfw1d76188452ty3l9f5h0000gn/T/RtmpqpdAk8/Rd2pdfa28d54abcefc/Rd2.aux) (/Users/qc0824/Library/TinyTeX/texmf-dist/tex/context/base/mkii/supp-pdf.mkii
[Loading MPS to PDF converter (version 2006.09.02).]
) (/private/var/folders/4z/95mpfw1d76188452ty3l9f5h0000gn/T/RtmpqpdAk8/Rd2pdfa28d54abcefc/Rd2.out) (/private/var/folders/4z/95mpfw1d76188452ty3l9f5h0000gn/T/RtmpqpdAk8/Rd2pdfa28d54abcefc/Rd2.out) (/Users/qc0824/Library/TinyTeX/texmf-dist/tex/latex/inconsolata/t1zi4.fd) (/Users/qc0824/Library/TinyTeX/texmf-dist/tex/latex/amsfonts/umsa.fd) (/Users/qc0824/Library/TinyTeX/texmf-dist/tex/latex/amsfonts/umsb.fd) (/Users/qc0824/Library/TinyTeX/texmf-dist/tex/latex/jknapltx/ursfs.fd) (/private/var/folders/4z/95mpfw1d76188452ty3l9f5h0000gn/T/RtmpqpdAk8/Rd2pdfa28d54abcefc/Rd2.toc [1{/Users/qc0824/Library/TinyTeX/texmf-var/fonts/map/pdftex/updmap/pdftex.map}{/Users/qc0824/Library/TinyTeX/texmf-dist/fonts/enc/dvips/base/8r.enc}{/Users/qc0824/Library/TinyTeX/texmf-dist/fonts/enc/dvips/inconsolata/i4-t1-0.enc}] [2]) (/Users/qc0824/Library/TinyTeX/texmf-dist/tex/latex/psnfss/ts1ptm.fd) [3]
Overfull \hbox (1.54773pt too wide) in paragraph at lines 102--104
[]\T1/ptm/m/n/10 A char-ac-ter vec-tor of vari-able names to la-bel. De-fault in-cludes []\T1/zi4/m/n/10 "sex"[]\T1/ptm/m/n/10 , []\T1/zi4/m/n/10 "cancer"[]\T1/ptm/m/n/10 ,
[4] [5] [6] [7] [8] [9]
Overfull \hbox (43.74886pt too wide) in paragraph at lines 521--524
\T1/ptm/m/n/10 can be up-dated us-ing [][][]\T1/zi4/m/n/10 write_registry()[][][] []\T1/ptm/m/n/10 func-tion which stored the dic-tio-nary in ([]\T1/zi4/m/n/10 area_type_dict.rds[]\T1/ptm/m/n/10 ) 
[10]
Overfull \hbox (43.74886pt too wide) in paragraph at lines 599--602
\T1/ptm/m/n/10 can be up-dated us-ing [][][]\T1/zi4/m/n/10 write_registry()[][][] []\T1/ptm/m/n/10 func-tion which stored the dic-tio-nary in ([]\T1/zi4/m/n/10 area_type_dict.rds[]\T1/ptm/m/n/10 ) 
[11] [12] (/Users/qc0824/Library/TinyTeX/texmf-dist/tex/latex/inconsolata/ts1zi4.fd) [13{/Users/qc0824/Library/TinyTeX/texmf-dist/fonts/enc/dvips/inconsolata/i4-ts1.enc}] [14] [15] [16] [17] [18] [19] [20] [21]
Overfull \hbox (3.70827pt too wide) in paragraph at lines 1249--1252
[]\T1/zi4/m/n/10 create_quality()[]\T1/ptm/m/n/10 calculate qual-ity in-di-ca-tors from ob-ject with class of []\T1/zi4/m/n/10 canreg[]\T1/ptm/m/n/10 , []\T1/zi4/m/n/10 canregs[]\T1/ptm/m/n/10 , []\T1/zi4/m/n/10 fbswicd[]\T1/ptm/m/n/10 ,
[22] [23] [24]
Overfull \hbox (3.11774pt too wide) in paragraph at lines 1393--1395
[]\T1/ptm/m/n/10 Character string spec-i-fy-ing the re-port tem-plate to use. Op-tions in-clude []\T1/zi4/m/n/10 "annual"[]\T1/ptm/m/n/10 ,

Overfull \hbox (51.61906pt too wide) in paragraph at lines 1399--1402
[]\T1/ptm/m/n/10 Character. For-mat of the ren-dered re-port. Op-tions are []\T1/zi4/m/n/10 "html_document"[]\T1/ptm/m/n/10 , []\T1/zi4/m/n/10 "word_document"[]\T1/ptm/m/n/10 ,
[25]
Underfull \vbox (badness 10000) has occurred while \output is active [26]
Overfull \hbox (10.57881pt too wide) in paragraph at lines 1555--1558
[]\T1/ptm/m/n/10 For []\T1/zi4/m/n/10 canreg []\T1/ptm/m/n/10 and []\T1/zi4/m/n/10 canregs []\T1/ptm/m/n/10 ob-jects, the func-tion first calls [][][]\T1/zi4/m/n/10 count_canreg()[][][] []\T1/ptm/m/n/10 to cre-ate []\T1/zi4/m/n/10 fbswicd[]\T1/ptm/m/n/10 /[]\T1/zi4/m/n/10 fbswicds
[27] [28] [29] [30] [31] [32] [33] [34] [35] [36] [37] [38]
Overfull \hbox (0.92867pt too wide) in paragraph at lines 2274--2275
[]\T1/ptm/m/n/10 Horizontal spac-ing be-tween bars and y-axis (de-fault de-pends on []\T1/zi4/m/n/10 x_label_side[]\T1/ptm/m/n/10 ). 
[39] [40] [41] [42] [43]
Overfull \hbox (12.2777pt too wide) in paragraph at lines 2583--2585
[]\T1/ptm/m/n/10 A char-ac-ter vec-tor of two col-ors for the left and right bars. De-fault is []\T1/zi4/m/n/10 c("#006400",
[44] [45] [46] [47]
Overfull \hbox (54.26833pt too wide) in paragraph at lines 2863--2868
\T1/ptm/m/n/10 EUROCARE-3. \T1/ptm/m/it/10 Math-e-mat-i-cal Pop-u-la-tion Stud-ies\T1/ptm/m/n/10 , 12(4), 183^^U198. https://doi.org/10.1080/08898480500301751 
[48]
Overfull \hbox (3.55786pt too wide) in paragraph at lines 2939--2942
[]\T1/ptm/m/n/10 Character string spec-i-fy-ing the pop-u-la-tion stan-dard. Sup-ported val-ues are "cn64",
[49] [50]
Overfull \hbox (4.16864pt too wide) in paragraph at lines 3063--3067
\T1/ptm/m/n/10 stan-dard pop-u-la-tion vari-ables, []\T1/zi4/m/n/10 "summary" []\T1/ptm/m/n/10 for sum-mary vari-ables, and []\T1/zi4/m/n/10 "reframe"
[51] [52] [53] [54] [55] [56] [57] [58]
Overfull \hbox (8.12721pt too wide) in paragraph at lines 3498--3500
[]\T1/ptm/m/n/10 A char-ac-ter or fac-tor vec-tor of re-for-mat-ted val-ues. The out-put de-pends on the set-tings for []\T1/zi4/m/n/10 label_type[]\T1/ptm/m/n/10 ,
[59] [60] [61] [62] (/private/var/folders/4z/95mpfw1d76188452ty3l9f5h0000gn/T/RtmpqpdAk8/Rd2pdfa28d54abcefc/Rd2.ind [63]

LaTeX Font Warning: Font shape `T1/zi4/m/it' undefined
(Font)              using `T1/zi4/m/n' instead on input line 22.

[64]) (/private/var/folders/4z/95mpfw1d76188452ty3l9f5h0000gn/T/RtmpqpdAk8/Rd2pdfa28d54abcefc/Rd2.aux)

LaTeX Font Warning: Some font shapes were not available, defaults substituted.


Package rerunfilecheck Warning: File `Rd2.out' has changed.
(rerunfilecheck)                Rerun to get outlines right
(rerunfilecheck)                or use package `bookmark'.

 )
(see the transcript file for additional information)
pdfTeX warning (dest): name{Rfn.summary} has been referenced but does not exist, replaced by a fixed one


pdfTeX warning (dest): name{Rfn.dplyr::filter\(\)} has been referenced but does not exist, replaced by a fixed one

 </Users/qc0824/Library/TinyTeX/texmf-var/fonts/pk/ljfour/jknappen/ec/tctt1000.600pk> </Users/qc0824/Library/TinyTeX/texmf-var/fonts/pk/ljfour/jknappen/ec/tctt0900.600pk></Users/qc0824/Library/TinyTeX/texmf-dist/fonts/type1/public/inconsolata/Inconsolata-zi4r.pfb></Users/qc0824/Library/TinyTeX/texmf-dist/fonts/type1/public/amsfonts/cm/cmmi10.pfb></Users/qc0824/Library/TinyTeX/texmf-dist/fonts/type1/public/amsfonts/cm/cmmi7.pfb></Users/qc0824/Library/TinyTeX/texmf-dist/fonts/type1/public/amsfonts/cm/cmr10.pfb></Users/qc0824/Library/TinyTeX/texmf-dist/fonts/type1/public/amsfonts/cm/cmsy10.pfb></Users/qc0824/Library/TinyTeX/texmf-dist/fonts/type1/urw/times/utmb8a.pfb></Users/qc0824/Library/TinyTeX/texmf-dist/fonts/type1/urw/times/utmr8a.pfb></Users/qc0824/Library/TinyTeX/texmf-dist/fonts/type1/urw/times/utmr8a.pfb></Users/qc0824/Library/TinyTeX/texmf-dist/fonts/type1/urw/times/utmri8a.pfb>
Output written on Rd2.pdf (64 pages, 240060 bytes).
Transcript written on Rd2.log.
This is makeindex, version 2.18 [TeX Live 2026] (kpathsea + Thai support).
Scanning input file Rd2.idx....done (92 entries accepted, 0 rejected).
Sorting entries....done (608 comparisons).
Generating output file Rd2.ind....done (133 lines written, 0 warnings).
Output written in Rd2.ind.
Transcript written in Rd2.ilg.
This is pdfTeX, Version 3.141592653-2.6-1.40.29 (TeX Live 2026) (preloaded format=pdflatex)
 restricted \write18 enabled.
entering extended mode
LaTeX2e <2025-11-01>
L3 programming layer <2026-03-20>
(./Rd2.tex
(/Users/qc0824/Library/TinyTeX/texmf-dist/tex/latex/base/book.cls
Document Class: book 2025/01/22 v1.4n Standard LaTeX document class
(/Users/qc0824/Library/TinyTeX/texmf-dist/tex/latex/base/bk10.clo)) (/Library/Frameworks/R.framework/Resources/share/texmf/tex/latex/Rd.sty (/Users/qc0824/Library/TinyTeX/texmf-dist/tex/latex/base/ifthen.sty) (/Users/qc0824/Library/TinyTeX/texmf-dist/tex/generic/iftex/iftex.sty) (/Users/qc0824/Library/TinyTeX/texmf-dist/tex/latex/tools/longtable.sty) (/Users/qc0824/Library/TinyTeX/texmf-dist/tex/latex/tools/bm.sty) (/Users/qc0824/Library/TinyTeX/texmf-dist/tex/latex/base/alltt.sty) (/Users/qc0824/Library/TinyTeX/texmf-dist/tex/latex/tools/verbatim.sty) (/Users/qc0824/Library/TinyTeX/texmf-dist/tex/latex/url/url.sty) (/Users/qc0824/Library/TinyTeX/texmf-dist/tex/latex/base/textcomp.sty) (/Users/qc0824/Library/TinyTeX/texmf-dist/tex/latex/amsmath/amsmath.sty
For additional information on amsmath, use the `?' option.
(/Users/qc0824/Library/TinyTeX/texmf-dist/tex/latex/amsmath/amstext.sty (/Users/qc0824/Library/TinyTeX/texmf-dist/tex/latex/amsmath/amsgen.sty)) (/Users/qc0824/Library/TinyTeX/texmf-dist/tex/latex/amsmath/amsbsy.sty) (/Users/qc0824/Library/TinyTeX/texmf-dist/tex/latex/amsmath/amsopn.sty)) (/Users/qc0824/Library/TinyTeX/texmf-dist/tex/latex/amsfonts/amsfonts.sty) (/Users/qc0824/Library/TinyTeX/texmf-dist/tex/latex/amsfonts/amssymb.sty) (/Users/qc0824/Library/TinyTeX/texmf-dist/tex/latex/jknapltx/mathrsfs.sty) (/Users/qc0824/Library/TinyTeX/texmf-dist/tex/latex/base/fontenc.sty) (/Users/qc0824/Library/TinyTeX/texmf-dist/tex/latex/psnfss/times.sty) (/Users/qc0824/Library/TinyTeX/texmf-dist/tex/latex/inconsolata/zi4.sty `inconsolata-zi4' v1.12, 2019/05/17 Text macros for Inconsolata (msharpe) (/Users/qc0824/Library/TinyTeX/texmf-dist/tex/latex/xkeyval/xkeyval.sty (/Users/qc0824/Library/TinyTeX/texmf-dist/tex/generic/xkeyval/xkeyval.tex (/Users/qc0824/Library/TinyTeX/texmf-dist/tex/generic/xkeyval/xkvutils.tex (/Users/qc0824/Library/TinyTeX/texmf-dist/tex/generic/xkeyval/keyval.tex))))) (/Users/qc0824/Library/TinyTeX/texmf-dist/tex/latex/graphics/color.sty (/Users/qc0824/Library/TinyTeX/texmf-dist/tex/latex/graphics-cfg/color.cfg) (/Users/qc0824/Library/TinyTeX/texmf-dist/tex/latex/graphics-def/pdftex.def) (/Users/qc0824/Library/TinyTeX/texmf-dist/tex/latex/graphics/mathcolor.ltx)) (/Users/qc0824/Library/TinyTeX/texmf-dist/tex/latex/hyperref/hyperref.sty (/Users/qc0824/Library/TinyTeX/texmf-dist/tex/latex/kvsetkeys/kvsetkeys.sty) (/Users/qc0824/Library/TinyTeX/texmf-dist/tex/generic/kvdefinekeys/kvdefinekeys.sty) (/Users/qc0824/Library/TinyTeX/texmf-dist/tex/generic/pdfescape/pdfescape.sty (/Users/qc0824/Library/TinyTeX/texmf-dist/tex/generic/ltxcmds/ltxcmds.sty) (/Users/qc0824/Library/TinyTeX/texmf-dist/tex/generic/pdftexcmds/pdftexcmds.sty (/Users/qc0824/Library/TinyTeX/texmf-dist/tex/generic/infwarerr/infwarerr.sty))) (/Users/qc0824/Library/TinyTeX/texmf-dist/tex/latex/hycolor/hycolor.sty) (/Users/qc0824/Library/TinyTeX/texmf-dist/tex/latex/hyperref/nameref.sty (/Users/qc0824/Library/TinyTeX/texmf-dist/tex/latex/refcount/refcount.sty) (/Users/qc0824/Library/TinyTeX/texmf-dist/tex/generic/gettitlestring/gettitlestring.sty (/Users/qc0824/Library/TinyTeX/texmf-dist/tex/latex/kvoptions/kvoptions.sty))) (/Users/qc0824/Library/TinyTeX/texmf-dist/tex/latex/etoolbox/etoolbox.sty) (/Users/qc0824/Library/TinyTeX/texmf-dist/tex/generic/stringenc/stringenc.sty) (/Users/qc0824/Library/TinyTeX/texmf-dist/tex/latex/hyperref/pd1enc.def) (/Users/qc0824/Library/TinyTeX/texmf-dist/tex/generic/intcalc/intcalc.sty) (/Users/qc0824/Library/TinyTeX/texmf-dist/tex/latex/hyperref/puenc.def) (/Users/qc0824/Library/TinyTeX/texmf-dist/tex/generic/bitset/bitset.sty (/Users/qc0824/Library/TinyTeX/texmf-dist/tex/generic/bigintcalc/bigintcalc.sty))) (/Users/qc0824/Library/TinyTeX/texmf-dist/tex/latex/hyperref/hpdftex.def (/Users/qc0824/Library/TinyTeX/texmf-dist/tex/latex/rerunfilecheck/rerunfilecheck.sty (/Users/qc0824/Library/TinyTeX/texmf-dist/tex/generic/uniquecounter/uniquecounter.sty)))) (/Users/qc0824/Library/TinyTeX/texmf-dist/tex/latex/base/makeidx.sty)
Writing index file Rd2.idx
(/Users/qc0824/Library/TinyTeX/texmf-dist/tex/latex/psnfss/t1ptm.fd) (/Users/qc0824/Library/TinyTeX/texmf-dist/tex/latex/l3backend/l3backend-pdftex.def) (/private/var/folders/4z/95mpfw1d76188452ty3l9f5h0000gn/T/RtmpqpdAk8/Rd2pdfa28d54abcefc/Rd2.aux) (/Users/qc0824/Library/TinyTeX/texmf-dist/tex/context/base/mkii/supp-pdf.mkii
[Loading MPS to PDF converter (version 2006.09.02).]
) (/private/var/folders/4z/95mpfw1d76188452ty3l9f5h0000gn/T/RtmpqpdAk8/Rd2pdfa28d54abcefc/Rd2.out) (/private/var/folders/4z/95mpfw1d76188452ty3l9f5h0000gn/T/RtmpqpdAk8/Rd2pdfa28d54abcefc/Rd2.out) (/Users/qc0824/Library/TinyTeX/texmf-dist/tex/latex/inconsolata/t1zi4.fd) (/Users/qc0824/Library/TinyTeX/texmf-dist/tex/latex/amsfonts/umsa.fd) (/Users/qc0824/Library/TinyTeX/texmf-dist/tex/latex/amsfonts/umsb.fd) (/Users/qc0824/Library/TinyTeX/texmf-dist/tex/latex/jknapltx/ursfs.fd) (/private/var/folders/4z/95mpfw1d76188452ty3l9f5h0000gn/T/RtmpqpdAk8/Rd2pdfa28d54abcefc/Rd2.toc [1{/Users/qc0824/Library/TinyTeX/texmf-var/fonts/map/pdftex/updmap/pdftex.map}{/Users/qc0824/Library/TinyTeX/texmf-dist/fonts/enc/dvips/base/8r.enc}{/Users/qc0824/Library/TinyTeX/texmf-dist/fonts/enc/dvips/inconsolata/i4-t1-0.enc}] [2]) (/Users/qc0824/Library/TinyTeX/texmf-dist/tex/latex/psnfss/ts1ptm.fd) [3]
Overfull \hbox (1.54773pt too wide) in paragraph at lines 102--104
[]\T1/ptm/m/n/10 A char-ac-ter vec-tor of vari-able names to la-bel. De-fault in-cludes []\T1/zi4/m/n/10 "sex"[]\T1/ptm/m/n/10 , []\T1/zi4/m/n/10 "cancer"[]\T1/ptm/m/n/10 ,
[4] [5] [6] [7] [8] [9]
Overfull \hbox (43.74886pt too wide) in paragraph at lines 521--524
\T1/ptm/m/n/10 can be up-dated us-ing [][][]\T1/zi4/m/n/10 write_registry()[][][] []\T1/ptm/m/n/10 func-tion which stored the dic-tio-nary in ([]\T1/zi4/m/n/10 area_type_dict.rds[]\T1/ptm/m/n/10 ) 
[10]
Overfull \hbox (43.74886pt too wide) in paragraph at lines 599--602
\T1/ptm/m/n/10 can be up-dated us-ing [][][]\T1/zi4/m/n/10 write_registry()[][][] []\T1/ptm/m/n/10 func-tion which stored the dic-tio-nary in ([]\T1/zi4/m/n/10 area_type_dict.rds[]\T1/ptm/m/n/10 ) 
[11] [12] (/Users/qc0824/Library/TinyTeX/texmf-dist/tex/latex/inconsolata/ts1zi4.fd) [13{/Users/qc0824/Library/TinyTeX/texmf-dist/fonts/enc/dvips/inconsolata/i4-ts1.enc}] [14] [15] [16] [17] [18] [19] [20] [21]
Overfull \hbox (3.70827pt too wide) in paragraph at lines 1249--1252
[]\T1/zi4/m/n/10 create_quality()[]\T1/ptm/m/n/10 calculate qual-ity in-di-ca-tors from ob-ject with class of []\T1/zi4/m/n/10 canreg[]\T1/ptm/m/n/10 , []\T1/zi4/m/n/10 canregs[]\T1/ptm/m/n/10 , []\T1/zi4/m/n/10 fbswicd[]\T1/ptm/m/n/10 ,
[22] [23] [24]
Overfull \hbox (3.11774pt too wide) in paragraph at lines 1393--1395
[]\T1/ptm/m/n/10 Character string spec-i-fy-ing the re-port tem-plate to use. Op-tions in-clude []\T1/zi4/m/n/10 "annual"[]\T1/ptm/m/n/10 ,

Overfull \hbox (51.61906pt too wide) in paragraph at lines 1399--1402
[]\T1/ptm/m/n/10 Character. For-mat of the ren-dered re-port. Op-tions are []\T1/zi4/m/n/10 "html_document"[]\T1/ptm/m/n/10 , []\T1/zi4/m/n/10 "word_document"[]\T1/ptm/m/n/10 ,
[25]
Underfull \vbox (badness 10000) has occurred while \output is active [26]
Overfull \hbox (10.57881pt too wide) in paragraph at lines 1555--1558
[]\T1/ptm/m/n/10 For []\T1/zi4/m/n/10 canreg []\T1/ptm/m/n/10 and []\T1/zi4/m/n/10 canregs []\T1/ptm/m/n/10 ob-jects, the func-tion first calls [][][]\T1/zi4/m/n/10 count_canreg()[][][] []\T1/ptm/m/n/10 to cre-ate []\T1/zi4/m/n/10 fbswicd[]\T1/ptm/m/n/10 /[]\T1/zi4/m/n/10 fbswicds
[27] [28] [29] [30] [31] [32] [33] [34] [35] [36] [37] [38]
Overfull \hbox (0.92867pt too wide) in paragraph at lines 2274--2275
[]\T1/ptm/m/n/10 Horizontal spac-ing be-tween bars and y-axis (de-fault de-pends on []\T1/zi4/m/n/10 x_label_side[]\T1/ptm/m/n/10 ). 
[39] [40] [41] [42] [43]
Overfull \hbox (12.2777pt too wide) in paragraph at lines 2583--2585
[]\T1/ptm/m/n/10 A char-ac-ter vec-tor of two col-ors for the left and right bars. De-fault is []\T1/zi4/m/n/10 c("#006400",
[44] [45] [46] [47]
Overfull \hbox (54.26833pt too wide) in paragraph at lines 2863--2868
\T1/ptm/m/n/10 EUROCARE-3. \T1/ptm/m/it/10 Math-e-mat-i-cal Pop-u-la-tion Stud-ies\T1/ptm/m/n/10 , 12(4), 183^^U198. https://doi.org/10.1080/08898480500301751 
[48]
Overfull \hbox (3.55786pt too wide) in paragraph at lines 2939--2942
[]\T1/ptm/m/n/10 Character string spec-i-fy-ing the pop-u-la-tion stan-dard. Sup-ported val-ues are "cn64",
[49] [50]
Overfull \hbox (4.16864pt too wide) in paragraph at lines 3063--3067
\T1/ptm/m/n/10 stan-dard pop-u-la-tion vari-ables, []\T1/zi4/m/n/10 "summary" []\T1/ptm/m/n/10 for sum-mary vari-ables, and []\T1/zi4/m/n/10 "reframe"
[51] [52] [53] [54] [55] [56] [57] [58]
Overfull \hbox (8.12721pt too wide) in paragraph at lines 3498--3500
[]\T1/ptm/m/n/10 A char-ac-ter or fac-tor vec-tor of re-for-mat-ted val-ues. The out-put de-pends on the set-tings for []\T1/zi4/m/n/10 label_type[]\T1/ptm/m/n/10 ,
[59] [60] [61] [62] (/private/var/folders/4z/95mpfw1d76188452ty3l9f5h0000gn/T/RtmpqpdAk8/Rd2pdfa28d54abcefc/Rd2.ind [63]

LaTeX Font Warning: Font shape `T1/zi4/m/it' undefined
(Font)              using `T1/zi4/m/n' instead on input line 22.

[64]) (/private/var/folders/4z/95mpfw1d76188452ty3l9f5h0000gn/T/RtmpqpdAk8/Rd2pdfa28d54abcefc/Rd2.aux)

LaTeX Font Warning: Some font shapes were not available, defaults substituted.

 )
(see the transcript file for additional information)
pdfTeX warning (dest): name{Rfn.summary} has been referenced but does not exist, replaced by a fixed one


pdfTeX warning (dest): name{Rfn.dplyr::filter\(\)} has been referenced but does not exist, replaced by a fixed one

 </Users/qc0824/Library/TinyTeX/texmf-var/fonts/pk/ljfour/jknappen/ec/tctt1000.600pk> </Users/qc0824/Library/TinyTeX/texmf-var/fonts/pk/ljfour/jknappen/ec/tctt0900.600pk></Users/qc0824/Library/TinyTeX/texmf-dist/fonts/type1/public/inconsolata/Inconsolata-zi4r.pfb></Users/qc0824/Library/TinyTeX/texmf-dist/fonts/type1/public/amsfonts/cm/cmmi10.pfb></Users/qc0824/Library/TinyTeX/texmf-dist/fonts/type1/public/amsfonts/cm/cmmi7.pfb></Users/qc0824/Library/TinyTeX/texmf-dist/fonts/type1/public/amsfonts/cm/cmr10.pfb></Users/qc0824/Library/TinyTeX/texmf-dist/fonts/type1/public/amsfonts/cm/cmsy10.pfb></Users/qc0824/Library/TinyTeX/texmf-dist/fonts/type1/urw/times/utmb8a.pfb></Users/qc0824/Library/TinyTeX/texmf-dist/fonts/type1/urw/times/utmr8a.pfb></Users/qc0824/Library/TinyTeX/texmf-dist/fonts/type1/urw/times/utmr8a.pfb></Users/qc0824/Library/TinyTeX/texmf-dist/fonts/type1/urw/times/utmri8a.pfb>
Output written on Rd2.pdf (64 pages, 240450 bytes).
Transcript written on Rd2.log.
Saving output to ‘canregtools-manual.pdf’ ...
Done
You may want to clean up by 'rm -Rf /var/folders/4z/95mpfw1d76188452ty3l9f5h0000gn/T//RtmpqpdAk8/Rd2pdfa28d54abcefc'
